2013/03/14 14:55:23 [error] [exception.CHttpException.404] exception 'CHttpException' with message 'Unable to find the code you requested.' in C:\xampp\htdocs\yii.loc\yii\framework\gii\CCodeGenerator.php:90
Stack trace:
#0 C:\xampp\htdocs\yii.loc\yii\framework\web\actions\CInlineAction.php(49): CCodeGenerator->actionCode()
#1 C:\xampp\htdocs\yii.loc\yii\framework\web\CController.php(308): CInlineAction->runWithParams(Array)
#2 C:\xampp\htdocs\yii.loc\yii\framework\web\CController.php(286): CController->runAction(Object(CInlineAction))
#3 C:\xampp\htdocs\yii.loc\yii\framework\web\CController.php(265): CController->runActionWithFilters(Object(CInlineAction), Array)
#4 C:\xampp\htdocs\yii.loc\yii\framework\web\CWebApplication.php(282): CController->run('code')
#5 C:\xampp\htdocs\yii.loc\yii\framework\web\CWebApplication.php(141): CWebApplication->runController('gii/model/code')
#6 C:\xampp\htdocs\yii.loc\yii\framework\base\CApplication.php(169): CWebApplication->processRequest()
#7 C:\xampp\htdocs\yii.loc\index.php(13): CApplication->run()
#8 {main}
REQUEST_URI=/index.php?r=gii/model/code&id=0
HTTP_REFERER=http://yii.loc/index.php?r=gii/model
---
2013/03/14 14:59:43 [error] [system.db.CDbCommand] CDbCommand::fetchAll() failed: SQLSTATE[42S02]: Base table or view not found: 1146 Table 'blog.tbl_post' doesn't exist. The SQL statement executed was: SHOW FULL COLUMNS FROM `tbl_post`.
in C:\xampp\htdocs\yii.loc\index.php (13)
2013/03/14 15:00:44 [error] [exception.CDbException] exception 'CDbException' with message 'CDbConnection failed to open the DB connection: SQLSTATE[HY000] [14] unable to open database file' in C:\xampp\htdocs\yii.loc\yii\framework\db\CDbConnection.php:381
Stack trace:
#0 C:\xampp\htdocs\yii.loc\yii\framework\db\CDbConnection.php(330): CDbConnection->open()
#1 C:\xampp\htdocs\yii.loc\yii\framework\db\CDbConnection.php(308): CDbConnection->setActive(true)
#2 C:\xampp\htdocs\yii.loc\yii\framework\base\CModule.php(387): CDbConnection->init()
#3 C:\xampp\htdocs\yii.loc\yii\framework\base\CModule.php(103): CModule->getComponent('db')
#4 C:\xampp\htdocs\yii.loc\yii\framework\gii\generators\model\ModelCode.php(57): CModule->__get('db')
#5 C:\xampp\htdocs\yii.loc\yii\framework\web\CFormModel.php(39): ModelCode->init()
#6 C:\xampp\htdocs\yii.loc\yii\framework\gii\CCodeGenerator.php(153): CFormModel->__construct()
#7 C:\xampp\htdocs\yii.loc\yii\framework\gii\CCodeGenerator.php(63): CCodeGenerator->prepare()
#8 C:\xampp\htdocs\yii.loc\yii\framework\web\actions\CInlineAction.php(49): CCodeGenerator->actionIndex()
#9 C:\xampp\htdocs\yii.loc\yii\framework\web\CController.php(308): CInlineAction->runWithParams(Array)
#10 C:\xampp\htdocs\yii.loc\yii\framework\web\CController.php(286): CController->runAction(Object(CInlineAction))
#11 C:\xampp\htdocs\yii.loc\yii\framework\web\CController.php(265): CController->runActionWithFilters(Object(CInlineAction), Array)
#12 C:\xampp\htdocs\yii.loc\yii\framework\web\CWebApplication.php(282): CController->run('')
#13 C:\xampp\htdocs\yii.loc\yii\framework\web\CWebApplication.php(141): CWebApplication->runController('gii/model')
#14 C:\xampp\htdocs\yii.loc\yii\framework\base\CApplication.php(169): CWebApplication->processRequest()
#15 C:\xampp\htdocs\yii.loc\index.php(13): CApplication->run()
#16 {main}
REQUEST_URI=/index.php?r=gii/model
---
2013/03/14 15:00:48 [error] [exception.CDbException] exception 'CDbException' with message 'CDbConnection failed to open the DB connection: SQLSTATE[HY000] [14] unable to open database file' in C:\xampp\htdocs\yii.loc\yii\framework\db\CDbConnection.php:381
Stack trace:
#0 C:\xampp\htdocs\yii.loc\yii\framework\db\CDbConnection.php(330): CDbConnection->open()
#1 C:\xampp\htdocs\yii.loc\yii\framework\db\CDbConnection.php(308): CDbConnection->setActive(true)
#2 C:\xampp\htdocs\yii.loc\yii\framework\base\CModule.php(387): CDbConnection->init()
#3 C:\xampp\htdocs\yii.loc\yii\framework\base\CModule.php(103): CModule->getComponent('db')
#4 C:\xampp\htdocs\yii.loc\yii\framework\gii\generators\model\ModelCode.php(57): CModule->__get('db')
#5 C:\xampp\htdocs\yii.loc\yii\framework\web\CFormModel.php(39): ModelCode->init()
#6 C:\xampp\htdocs\yii.loc\yii\framework\gii\CCodeGenerator.php(153): CFormModel->__construct()
#7 C:\xampp\htdocs\yii.loc\yii\framework\gii\CCodeGenerator.php(63): CCodeGenerator->prepare()
#8 C:\xampp\htdocs\yii.loc\yii\framework\web\actions\CInlineAction.php(49): CCodeGenerator->actionIndex()
#9 C:\xampp\htdocs\yii.loc\yii\framework\web\CController.php(308): CInlineAction->runWithParams(Array)
#10 C:\xampp\htdocs\yii.loc\yii\framework\web\CController.php(286): CController->runAction(Object(CInlineAction))
#11 C:\xampp\htdocs\yii.loc\yii\framework\web\CController.php(265): CController->runActionWithFilters(Object(CInlineAction), Array)
#12 C:\xampp\htdocs\yii.loc\yii\framework\web\CWebApplication.php(282): CController->run('')
#13 C:\xampp\htdocs\yii.loc\yii\framework\web\CWebApplication.php(141): CWebApplication->runController('gii/model')
#14 C:\xampp\htdocs\yii.loc\yii\framework\base\CApplication.php(169): CWebApplication->processRequest()
#15 C:\xampp\htdocs\yii.loc\index.php(13): CApplication->run()
#16 {main}
REQUEST_URI=/index.php?r=gii/model
HTTP_REFERER=http://yii.loc/index.php?r=gii
---
